<?xml version="1.0" encoding="UTF-8"?>
<!-- Generated by org.testng.reporters.JUnitReportReporter -->
<testsuite hostname="DESKTOP-E3G2GH2" failures="0" tests="2" name="krishnapriyavommi.Mavenjava.APITest" time="0.012" errors="0" timestamp="2022-07-18T16:36:11 IST" skipped="0">
  <testcase classname="krishnapriyavommi.Mavenjava.APITest" name="nativeAppAndroid" time="0.000"/>
  <system-out/>
  <testcase classname="krishnapriyavommi.Mavenjava.APITest" name="IOSApps" time="0.012"/>
  <system-out/>
</testsuite> <!-- krishnapriyavommi.Mavenjava.APITest -->
