<?xml version="1.0" encoding="UTF-8"?>
<!-- Generated by org.testng.reporters.JUnitReportReporter -->
<testsuite hostname="DESKTOP-E3G2GH2" failures="0" tests="2" name="krishnapriyavommi.Mavenjava.AppiumTest" time="0.006" errors="0" timestamp="2022-07-18T16:36:11 IST" skipped="0">
  <testcase classname="krishnapriyavommi.Mavenjava.AppiumTest" name="postJira" time="0.005"/>
  <system-out/>
  <testcase classname="krishnapriyavommi.Mavenjava.AppiumTest" name="deleteTwitter" time="0.001"/>
  <system-out/>
</testsuite> <!-- krishnapriyavommi.Mavenjava.AppiumTest -->
